<?xml version="1.0" encoding="UTF-8"?>
<!-- Generated by org.testng.reporters.JUnitReportReporter -->
<testsuite skipped="0" hostname="DESKTOP-0S5SOFI" name="myproject.mynewproject.AppTest" tests="3" failures="0" timestamp="29 Dec 2019 12:06:24 GMT" time="74.608" errors="0">
  <testcase name="Test2" time="27.636" classname="myproject.mynewproject.AppTest"/>
  <testcase name="Test1" time="23.428" classname="myproject.mynewproject.AppTest"/>
  <testcase name="Test3" time="23.544" classname="myproject.mynewproject.AppTest"/>
</testsuite> <!-- myproject.mynewproject.AppTest -->
